p/1649945856437.jpg 1 0 0 719 310
p/1649945851568.jpg 1 0 0 87 49
p/1649945849822.jpg 1 0 0 99 63
p/1649945848398.jpg 1 0 0 109 52
p/1649945846927.jpg 1 0 0 126 56
p/1649945844796.jpg 1 0 0 193 92
p/1649945841085.jpg 1 0 0 377 150
p/1649945837683.jpg 1 0 0 1691 620
p/1649945832639.jpg 1 0 0 654 270
p/1649945829425.jpg 1 0 0 555 197
p/1649945826563.jpg 1 0 0 970 355
p/1649945822891.jpg 1 0 0 1281 441
p/1649945816442.jpg 1 0 0 652 243
p/1649945809586.jpg 1 0 0 118 66
p/1649945805455.jpg 1 0 0 258 102
p/1649945802693.jpg 1 0 0 141 62
p/1649945798674.jpg 1 0 0 121 53
p/1649945796415.jpg 1 0 0 139 60
p/1649945794557.jpg 1 0 0 128 124
p/1649945792514.jpg 1 0 0 98 39
p/1649945789408.jpg 1 0 0 132 70
p/1649945787663.jpg 1 0 0 147 64
p/1649945786207.jpg 1 0 0 159 63
p/1649945784448.jpg 1 0 0 139 82
p/1649945782733.jpg 1 0 0 135 65
p/1649945779003.jpg 1 0 0 201 62
p/1649945774485.jpg 1 0 0 562 176
p/1649945770958.jpg 1 0 0 798 259
p/1649945766390.jpg 1 0 0 393 143
p/1649945761691.jpg 1 0 0 368 125
p/1649945725841.jpg 1 0 0 2000 662
p/1649945717650.jpg 1 0 0 603 277
p/1649945711324.jpg 1 0 0 366 140
p/1649945701129.jpg 1 0 0 626 234
p/1649945695302.jpg 1 0 0 51 108
p/1649945691906.jpg 1 0 0 68 47
p/1649945689536.jpg 1 0 0 230 96
p/1649945685835.jpg 1 0 0 58 40
p/1649945681905.jpg 1 0 0 359 142
p/1649945678327.jpg 1 0 0 67 41
p/1649945675526.jpg 1 0 0 265 99
p/1649945669242.jpg 1 0 0 426 147
p/1649945664526.jpg 1 0 0 712 264
p/1649945659075.jpg 1 0 0 123 68
p/1649945638661.jpg 1 0 0 545 233